2011-02-28 16:56:00 [INFO] Starting minecraft server version Beta 1.3
2011-02-28 16:56:00 [INFO] Loading properties
2011-02-28 16:56:00 [WARNING] server.properties does not exist
2011-02-28 16:56:00 [INFO] Generating new properties file
2011-02-28 16:56:00 [INFO] Starting Minecraft server on *:25565
2011-02-28 16:56:00 [INFO] This server is running Craftbukkit version git-Bukkit-0.0.0-468-ga3bf56c-b450jnks (MC: 1.3)
2011-02-28 16:56:00 [WARNING] Failed to load ban list: java.io.FileNotFoundException: banned-players.txt (The system cannot find the file specified)
2011-02-28 16:56:00 [WARNING] Failed to load ip ban list: java.io.FileNotFoundException: banned-ips.txt (The system cannot find the file specified)
2011-02-28 16:56:00 [WARNING] Failed to load ops: java.io.FileNotFoundException: ops.txt (The system cannot find the file specified)
2011-02-28 16:56:00 [WARNING] Failed to load white-list: java.io.FileNotFoundException: white-list.txt (The system cannot find the file specified)
2011-02-28 16:56:00 [INFO] Preparing level "world"
2011-02-28 16:56:00 [INFO] Preparing start region
2011-02-28 16:56:01 [INFO] §eLoaded Essentials build TeamCity maintained by Zenexer, ementalo, Aelux, and Brettflan
2011-02-28 16:56:02 [INFO] Preparing spawn area: 4%
2011-02-28 16:56:03 [INFO] Preparing spawn area: 8%
2011-02-28 16:56:04 [INFO] Preparing spawn area: 20%
2011-02-28 16:56:05 [INFO] Preparing spawn area: 32%
2011-02-28 16:56:06 [INFO] Preparing spawn area: 40%
2011-02-28 16:56:07 [INFO] Preparing spawn area: 48%
2011-02-28 16:56:08 [INFO] Starting minecraft server version Beta 1.3
2011-02-28 16:56:08 [INFO] Loading properties
2011-02-28 16:56:08 [INFO] Starting Minecraft server on *:25565
2011-02-28 16:56:08 [INFO] This server is running Craftbukkit version git-Bukkit-0.0.0-468-ga3bf56c-b450jnks (MC: 1.3)
2011-02-28 16:56:09 [INFO] Preparing level "world"
2011-02-28 16:56:09 [INFO] Preparing start region
2011-02-28 16:56:10 [INFO] §eLoaded Essentials build TeamCity maintained by Zenexer, ementalo, Aelux, and Brettflan
2011-02-28 16:56:10 [INFO] Preparing spawn area: 4%
2011-02-28 16:56:10 [INFO] Should update an existing player with the same name, rather than creating a new player
2011-02-28 16:56:11 [INFO] Starting minecraft server version Beta 1.3
2011-02-28 16:56:11 [INFO] >
2011-02-28 16:56:11 [INFO] Preparing spawn area: 8%
2011-02-28 16:57:39 [INFO] Starting minecraft server version Beta 1.3
2011-02-28 16:57:39 [INFO] Loading properties
2011-02-28 16:57:39 [INFO] Starting Minecraft server on *:25565
2011-02-28 16:57:39 [INFO] This server is running Craftbukkit version git-Bukkit-0.0.0-468-ga3bf56c-b450jnks (MC: 1.3)
2011-02-28 16:57:39 [INFO] Preparing level "world"
2011-02-28 16:57:39 [INFO] Preparing start region
2011-02-28 16:57:41 [INFO] §eLoaded Essentials build TeamCity maintained by Zenexer, ementalo, Aelux, and Brettflan
2011-02-28 16:57:41 [INFO] Preparing spawn area: 4%
2011-02-28 16:57:42 [INFO] Preparing spawn area: 8%
2011-02-28 16:57:43 [INFO] Preparing spawn area: 16%
2011-02-28 16:57:44 [INFO] Preparing spawn area: 24%
2011-02-28 16:57:45 [INFO] Preparing spawn area: 24%
2011-02-28 16:57:48 [INFO] Starting minecraft server version Beta 1.3
2011-02-28 16:57:48 [INFO] Loading properties
2011-02-28 16:57:48 [INFO] Starting Minecraft server on *:25565
2011-02-28 16:57:48 [INFO] This server is running Craftbukkit version git-Bukkit-0.0.0-468-ga3bf56c-b450jnks (MC: 1.3)
2011-02-28 16:57:49 [INFO] Preparing level "world"
2011-02-28 16:57:49 [INFO] Preparing start region
2011-02-28 16:57:50 [INFO] §eLoaded Essentials build TeamCity maintained by Zenexer, ementalo, Aelux, and Brettflan
2011-02-28 16:57:50 [INFO] Preparing spawn area: 8%
2011-02-28 16:57:51 [INFO] >
2011-02-28 16:57:51 [INFO] 
2011-02-28 16:57:51 [INFO] 
2011-02-28 16:57:51 [INFO] 
2011-02-28 16:57:51 [INFO] 
2011-02-28 16:57:51 [INFO] 
2011-02-28 16:57:51 [INFO] 
2011-02-28 16:57:51 [INFO] 
2011-02-28 16:57:51 [INFO] 
2011-02-28 16:57:51 [INFO] 
2011-02-28 16:57:51 [INFO] 
2011-02-28 16:57:51 [INFO] 
2011-02-28 16:57:51 [INFO] 
2011-02-28 16:57:51 [INFO] 
2011-02-28 16:57:51 [INFO] 
2011-02-28 16:57:51 [INFO] 
2011-02-28 16:57:51 [INFO] 
2011-02-28 16:57:51 [INFO] 
2011-02-28 16:57:51 [INFO] 
2011-02-28 16:57:51 [INFO] 
2011-02-28 16:57:51 [INFO] 
2011-02-28 16:57:51 [INFO] 
2011-02-28 16:57:51 [INFO] 
2011-02-28 16:57:51 [INFO] 
2011-02-28 16:57:51 [INFO] 
2011-02-28 16:57:51 [INFO] 
2011-02-28 16:57:51 [INFO] 
2011-02-28 16:57:51 [INFO] 
2011-02-28 16:57:51 [INFO] 
2011-02-28 16:57:51 [INFO] 
2011-02-28 16:57:51 [INFO] 
2011-02-28 16:57:51 [INFO] 
2011-02-28 16:57:51 [INFO] 
2011-02-28 16:57:51 [INFO] 
2011-02-28 16:57:51 [INFO] 
2011-02-28 16:57:51 [INFO] 
2011-02-28 16:57:51 [INFO] 
2011-02-28 16:57:51 [INFO] 
2011-02-28 16:57:51 [INFO] 
2011-02-28 16:57:51 [INFO] 
2011-02-28 16:57:51 [INFO] 
2011-02-28 16:57:51 [INFO] 
2011-02-28 16:57:51 [INFO] 
2011-02-28 16:57:51 [INFO] 
2011-02-28 16:57:51 [INFO] 
2011-02-28 16:57:51 [INFO] 
2011-02-28 16:57:51 [INFO] 
2011-02-28 16:57:51 [INFO] 
2011-02-28 16:57:51 [INFO] 
2011-02-28 16:57:51 [INFO] 
2011-02-28 16:57:51 [INFO] 
2011-02-28 16:57:51 [INFO] 
2011-02-28 16:57:51 [INFO] 
2011-02-28 16:57:51 [INFO] 
2011-02-28 16:57:51 [INFO] 
2011-02-28 16:57:51 [INFO] 
2011-02-28 16:57:51 [INFO] 
2011-02-28 16:57:51 [INFO] 
2011-02-28 16:57:51 [INFO] 
2011-02-28 16:57:51 [INFO] 
2011-02-28 16:57:51 [INFO] 
2011-02-28 16:57:51 [INFO] 
2011-02-28 16:57:51 [INFO] 
2011-02-28 16:57:51 [INFO] 
2011-02-28 16:57:51 [INFO] 
2011-02-28 16:57:51 [INFO] 
2011-02-28 16:57:51 [INFO] 
2011-02-28 16:57:51 [INFO] 
2011-02-28 16:57:51 [INFO] 
2011-02-28 16:57:51 [INFO] 
2011-02-28 16:57:51 [INFO] 
2011-02-28 16:57:51 [INFO] 
2011-02-28 16:57:51 [INFO] 
2011-02-28 16:57:51 [INFO] 
2011-02-28 16:57:51 [INFO] 
2011-02-28 16:57:51 [INFO] 
2011-02-28 16:57:51 [INFO] 
2011-02-28 16:57:51 [INFO] 
2011-02-28 16:57:51 [INFO] 
2011-02-28 16:57:51 [INFO] 
2011-02-28 16:57:51 [INFO] 
2011-02-28 16:57:51 [INFO] 
2011-02-28 16:57:51 [INFO] Starting minecraft server version Beta 1.3
2011-02-28 16:57:51 [INFO] Preparing spawn area: 12%
2011-02-28 16:57:51 [INFO] 
2011-02-28 16:57:51 [INFO] 
2011-02-28 16:57:51 [INFO] 
2011-02-28 16:57:51 [INFO] 
2011-02-28 16:57:51 [INFO] 
2011-02-28 16:57:51 [INFO] 
2011-02-28 16:57:51 [INFO] 
2011-02-28 16:57:51 [INFO] 
2011-02-28 16:57:51 [INFO] 
2011-02-28 16:57:51 [INFO] 
2011-02-28 16:57:51 [INFO] 
2011-02-28 16:57:51 [INFO] 
2011-02-28 16:57:52 [INFO] 
2011-02-28 16:57:52 [INFO] 
2011-02-28 16:57:52 [INFO] 
2011-02-28 16:57:52 [INFO] 
2011-02-28 16:57:52 [INFO] 
2011-02-28 16:57:52 [INFO] 
2011-02-28 16:57:52 [INFO] 
2011-02-28 16:57:52 [INFO] 
2011-02-28 16:57:52 [INFO] 
2011-02-28 16:57:52 [INFO] 
2011-02-28 16:57:52 [INFO] 
2011-02-28 16:57:52 [INFO] 
2011-02-28 16:57:52 [INFO] 
2011-02-28 16:57:52 [INFO] 
2011-02-28 16:57:52 [INFO] 
2011-02-28 16:57:52 [INFO] 
2011-02-28 16:57:52 [INFO] 
2011-02-28 16:57:52 [INFO] 
2011-02-28 16:57:52 [INFO] 
2011-02-28 16:57:52 [INFO] 
2011-02-28 16:57:52 [INFO] 
2011-02-28 16:57:52 [INFO] 
2011-02-28 16:57:52 [INFO] 
2011-02-28 16:57:52 [INFO] 
2011-02-28 16:57:52 [INFO] 
2011-02-28 16:57:52 [INFO] 
2011-02-28 16:57:52 [INFO] 
2011-02-28 16:57:52 [INFO] 
2011-02-28 16:57:53 [INFO] 
2011-02-28 16:57:53 [INFO] 
2011-02-28 16:57:53 [INFO] 
2011-02-28 16:57:53 [INFO] 
2011-02-28 16:57:53 [INFO] 
2011-02-28 16:57:53 [INFO] 
2011-02-28 16:57:53 [INFO] 
2011-02-28 16:57:53 [INFO] 
2011-02-28 16:57:53 [INFO] 
2011-02-28 16:57:53 [INFO] 
2011-02-28 16:57:53 [INFO] 
2011-02-28 16:57:53 [INFO] 
2011-02-28 16:57:53 [INFO] 
2011-02-28 16:57:53 [INFO] 
2011-02-28 16:57:53 [INFO] 
2011-02-28 16:57:53 [INFO] 
2011-02-28 16:57:53 [INFO] 
2011-02-28 16:57:53 [INFO] 
2011-02-28 16:57:53 [INFO] 
2011-02-28 16:57:53 [INFO] 
2011-02-28 16:57:53 [INFO] 
2011-02-28 16:57:53 [INFO] 
2011-02-28 16:57:53 [INFO] 
2011-02-28 16:57:53 [INFO] 
2011-02-28 16:57:53 [INFO] 
2011-02-28 16:57:54 [INFO] 
2011-02-28 16:57:54 [INFO] 
2011-02-28 16:57:54 [INFO] 
2011-02-28 16:57:54 [INFO] 
2011-02-28 16:57:54 [INFO] 
2011-02-28 16:57:54 [INFO] 
2011-02-28 16:57:54 [INFO] 
2011-02-28 16:57:54 [INFO] 
2011-02-28 16:57:54 [INFO] 
2011-02-28 16:57:54 [INFO] 
2011-02-28 16:57:54 [INFO] 
2011-02-28 16:57:54 [INFO] 
2011-02-28 16:57:54 [INFO] 
2011-02-28 16:57:54 [INFO] 
2011-02-28 16:57:54 [INFO] 
2011-02-28 16:57:54 [INFO] 
2011-02-28 16:57:54 [INFO] 
2011-02-28 16:57:54 [INFO] 
2011-02-28 16:57:54 [INFO] 
2011-02-28 16:57:54 [INFO] 
2011-02-28 16:57:54 [INFO] 
2011-02-28 16:57:54 [INFO] 
2011-02-28 16:57:55 [INFO] 
2011-02-28 16:57:55 [INFO] 
2011-02-28 16:57:55 [INFO] 
2011-02-28 16:57:55 [INFO] 
2011-02-28 16:57:55 [INFO] 
2011-02-28 16:57:55 [INFO] 
2011-02-28 16:57:55 [INFO] 
2011-02-28 16:57:55 [INFO] 
2011-02-28 16:57:55 [INFO] 
2011-02-28 16:57:55 [INFO] 
2011-02-28 16:57:55 [INFO] 
2011-02-28 16:57:55 [INFO] 
2011-02-28 16:57:55 [INFO] 
2011-02-28 16:57:55 [INFO] 
2011-02-28 16:57:55 [INFO] 
2011-02-28 16:57:55 [INFO] 
2011-02-28 16:57:55 [INFO] 
2011-02-28 16:57:55 [INFO] 
2011-02-28 16:57:55 [INFO] 
2011-02-28 16:57:55 [INFO] 
2011-02-28 16:57:56 [INFO] 
2011-02-28 16:57:56 [INFO] 
2011-02-28 16:57:56 [INFO] 
2011-02-28 16:57:56 [INFO] 
2011-02-28 16:59:07 [INFO] Starting minecraft server version Beta 1.3
2011-02-28 16:59:07 [INFO] Loading properties
2011-02-28 16:59:07 [INFO] Starting Minecraft server on *:25565
2011-02-28 16:59:07 [INFO] This server is running Craftbukkit version git-Bukkit-0.0.0-468-ga3bf56c-b450jnks (MC: 1.3)
2011-02-28 16:59:07 [INFO] Preparing level "world"
2011-02-28 16:59:07 [INFO] Preparing start region
2011-02-28 16:59:08 [INFO] Done (0.060s)! For help, type "help" or "?"
2011-02-28 16:59:08 [INFO] Stopping server
2011-02-28 16:59:08 [INFO] Saving chunks
2011-02-28 16:59:09 [INFO] Starting minecraft server version Beta 1.3
2011-02-28 16:59:09 [INFO] Loading properties
2011-02-28 16:59:09 [INFO] Starting Minecraft server on *:25565
2011-02-28 16:59:09 [INFO] This server is running Craftbukkit version git-Bukkit-0.0.0-468-ga3bf56c-b450jnks (MC: 1.3)
2011-02-28 16:59:09 [INFO] Preparing level "world"
2011-02-28 16:59:09 [INFO] Preparing start region
2011-02-28 16:59:10 [INFO] Done (0.011s)! For help, type "help" or "?"
2011-02-28 16:59:10 [INFO] Stopping server
2011-02-28 16:59:10 [INFO] Saving chunks
